INFO:root:allocating storage
INFO:root:initializing
INFO:root:sync
INFO:root:clean_cache
INFO:root:starting async worker
INFO:root:Async thread params: Device: /dev/mapper/testVDO, Interval: 5.0, Increment: 20000
INFO:root:Async thread awake!
INFO:root:starting drift
INFO:root:Async thread goes to sleep!
INFO:root:Async thread awake!
INFO:root:Async thread goes to sleep!
INFO:root:Async thread awake!
INFO:root:Async thread goes to sleep!
INFO:root:Async thread awake!
INFO:root:Async thread goes to sleep!
INFO:root:Async thread awake!
INFO:root:Async thread goes to sleep!
INFO:root:Async thread awake!
INFO:root:Async thread goes to sleep!
INFO:root:Async thread awake!
INFO:root:Async thread goes to sleep!
INFO:root:Async thread awake!
INFO:root:Async thread goes to sleep!
INFO:root:Async thread awake!
INFO:root:Async thread goes to sleep!
INFO:root:Async thread awake!
INFO:root:Async thread goes to sleep!
INFO:root:Async thread awake!
INFO:root:Async thread goes to sleep!
INFO:root:Async thread awake!
INFO:root:Async thread goes to sleep!
INFO:root:Async thread awake!
INFO:root:Async thread goes to sleep!
INFO:root:Async thread awake!
INFO:root:Async thread goes to sleep!
INFO:root:Async thread awake!
INFO:root:Async thread goes to sleep!
INFO:root:Async thread awake!
INFO:root:Async thread goes to sleep!
INFO:root:Async thread awake!
INFO:root:Async thread goes to sleep!
INFO:root:Async thread awake!
INFO:root:Async thread goes to sleep!
INFO:root:Async thread awake!
INFO:root:Async thread goes to sleep!
INFO:root:Async thread awake!
INFO:root:Async thread goes to sleep!
INFO:root:Async thread awake!
INFO:root:Async thread goes to sleep!
INFO:root:Async thread awake!
INFO:root:Async thread goes to sleep!
INFO:root:Async thread awake!
INFO:root:Async thread goes to sleep!
INFO:root:Async thread awake!
INFO:root:Async thread goes to sleep!
INFO:root:Async thread awake!
INFO:root:Async thread goes to sleep!
INFO:root:Async thread awake!
INFO:root:Async thread goes to sleep!
INFO:root:Async thread awake!
INFO:root:Async thread goes to sleep!
INFO:root:Async thread awake!
INFO:root:Async thread goes to sleep!
INFO:root:Async thread awake!
INFO:root:Async thread goes to sleep!
INFO:root:Async thread awake!
INFO:root:Async thread goes to sleep!
INFO:root:Async thread awake!
INFO:root:Async thread goes to sleep!
INFO:root:Async thread awake!
INFO:root:Async thread goes to sleep!
INFO:root:Async thread awake!
INFO:root:Async thread goes to sleep!
INFO:root:Async thread awake!
INFO:root:Async thread goes to sleep!
INFO:root:Async thread awake!
INFO:root:Async thread goes to sleep!
INFO:root:Async thread awake!
INFO:root:Async thread goes to sleep!
INFO:root:Async thread awake!
INFO:root:Async thread goes to sleep!
INFO:root:Async thread awake!
INFO:root:Async thread goes to sleep!
INFO:root:Async thread awake!
INFO:root:Async thread goes to sleep!
INFO:root:Async thread awake!
INFO:root:Async thread goes to sleep!
INFO:root:Async thread awake!
INFO:root:Async thread goes to sleep!
INFO:root:Async thread awake!
INFO:root:Async thread goes to sleep!
INFO:root:Async thread awake!
INFO:root:Async thread goes to sleep!
INFO:root:Async thread awake!
INFO:root:Async thread goes to sleep!
INFO:root:Async thread awake!
INFO:root:Async thread goes to sleep!
INFO:root:Async thread awake!
INFO:root:Async thread goes to sleep!
INFO:root:Async thread awake!
INFO:root:Async thread goes to sleep!
INFO:root:Async thread awake!
INFO:root:Async thread goes to sleep!
INFO:root:Async thread awake!
INFO:root:Async thread goes to sleep!
INFO:root:Async thread awake!
INFO:root:Async thread goes to sleep!
INFO:root:Async thread awake!
INFO:root:Async thread goes to sleep!
INFO:root:Async thread awake!
INFO:root:Async thread goes to sleep!
INFO:root:Async thread awake!
INFO:root:Async thread goes to sleep!
INFO:root:Async thread awake!
INFO:root:Async thread goes to sleep!
INFO:root:Async thread awake!
INFO:root:Async thread goes to sleep!
INFO:root:Async thread awake!
INFO:root:Async thread goes to sleep!
INFO:root:Async thread awake!
INFO:root:Async thread goes to sleep!
INFO:root:Async thread awake!
INFO:root:Async thread goes to sleep!
INFO:root:Async thread awake!
INFO:root:Async thread goes to sleep!
INFO:root:drift over
INFO:root:terminating async worker
