\BOOKMARK [0][-]{chapter.1}{Introduction}{}% 1
\BOOKMARK [0][-]{chapter.2}{Virtual\040Data\040Optimiser}{}% 2
\BOOKMARK [1][-]{section.2.1}{\040Introduction}{chapter.2}% 3
\BOOKMARK [2][-]{subsection.2.1.1}{\040Deduplication}{section.2.1}% 4
\BOOKMARK [2][-]{subsection.2.1.2}{\040Compression}{section.2.1}% 5
\BOOKMARK [2][-]{subsection.2.1.3}{\040Zero-block\040elimination}{section.2.1}% 6
\BOOKMARK [1][-]{section.2.2}{\040VDO\040Layer}{chapter.2}% 7
\BOOKMARK [2][-]{subsection.2.2.1}{\040Physical\040Size}{section.2.2}% 8
\BOOKMARK [2][-]{subsection.2.2.2}{\040Logical\040Size}{section.2.2}% 9
\BOOKMARK [2][-]{subsection.2.2.3}{\040Memory\040requirements}{section.2.2}% 10
\BOOKMARK [2][-]{subsection.2.2.4}{\040VDO\040kernel\040module}{section.2.2}% 11
\BOOKMARK [2][-]{subsection.2.2.5}{\040VDO\040write\040policies}{section.2.2}% 12
\BOOKMARK [2][-]{subsection.2.2.6}{\040Storage\040requirements}{section.2.2}% 13
\BOOKMARK [2][-]{subsection.2.2.7}{\040VDO\040in\040Storage\040Stack}{section.2.2}% 14
\BOOKMARK [1][-]{section.2.3}{\040Administering\040VDO}{chapter.2}% 15
\BOOKMARK [2][-]{subsection.2.3.1}{\040Installation}{section.2.3}% 16
\BOOKMARK [2][-]{subsection.2.3.2}{\040Creating\040VDO\040volume}{section.2.3}% 17
\BOOKMARK [2][-]{subsection.2.3.3}{\040Monitoring\040VDO}{section.2.3}% 18
\BOOKMARK [0][-]{chapter.3}{Benchmarks}{}% 19
\BOOKMARK [1][-]{section.3.1}{\040fs-drift}{chapter.3}% 20
\BOOKMARK [2][-]{subsection.3.1.1}{\040Compressible\040data\040generator}{section.3.1}% 21
\BOOKMARK [2][-]{subsection.3.1.2}{\040DirectIO}{section.3.1}% 22
\BOOKMARK [2][-]{subsection.3.1.3}{\040Rawdevice}{section.3.1}% 23
\BOOKMARK [2][-]{subsection.3.1.4}{\040Random\040discard\040operation}{section.3.1}% 24
\BOOKMARK [2][-]{subsection.3.1.5}{\040Data\040reporting}{section.3.1}% 25
\BOOKMARK [2][-]{subsection.3.1.6}{\040Performance\040measurement}{section.3.1}% 26
\BOOKMARK [1][-]{section.3.2}{\040FIO}{chapter.3}% 27
\BOOKMARK [2][-]{subsection.3.2.1}{\040for\040testing\040VDO}{section.3.2}% 28
\BOOKMARK [0][-]{chapter.4}{Testing\040methodology}{}% 29
\BOOKMARK [1][-]{section.4.1}{\040Testing\040environment}{chapter.4}% 30
\BOOKMARK [1][-]{section.4.2}{\040Testing\040hardware}{chapter.4}% 31
\BOOKMARK [1][-]{section.4.3}{\040Supermicro\040X11SPL-F}{chapter.4}% 32
\BOOKMARK [1][-]{section.4.4}{\040Data\040processing}{chapter.4}% 33
\BOOKMARK [0][-]{chapter.5}{Performance\040of\040VDO}{}% 34
\BOOKMARK [1][-]{section.5.1}{\040Empty\040VDO}{chapter.5}% 35
\BOOKMARK [1][-]{section.5.2}{\040Half\040empty\040VDO}{chapter.5}% 36
\BOOKMARK [1][-]{section.5.3}{\040Block\040map\040cache}{chapter.5}% 37
\BOOKMARK [1][-]{section.5.4}{\040VDO\040threads}{chapter.5}% 38
\BOOKMARK [1][-]{section.5.5}{\040Discard\040size}{chapter.5}% 39
\BOOKMARK [1][-]{section.5.6}{\040Steady\040state\040testing}{chapter.5}% 40
\BOOKMARK [1][-]{section.5.7}{\040Testing\040on\040different\040architectures}{chapter.5}% 41
\BOOKMARK [1][-]{section.5.8}{\040Journal\040performance}{chapter.5}% 42
\BOOKMARK [1][-]{section.5.9}{\040Testing\040with\040distributed\040file\040system}{chapter.5}% 43
\BOOKMARK [0][-]{chapter.6}{Conclusion}{}% 44
